<?xml version="1.0" encoding="UTF-8"?>
<!-- Generated by org.testng.reporters.JUnitXMLReporter -->
<testsuite hostname="IN-DEBASISHDEY" ignored="0" name="Test" tests="1" failures="1" timestamp="2023-11-26T20:32:30 IST" time="27.722" errors="0">
  <testcase name="runScenario" time="15.37" classname="io.cucumber.testng.AbstractTestNGCucumberTests">
    <failure type="org.openqa.selenium.NoSuchElementException" message="An element could not be located on the page using the given search parameters.
For documentation on this error, please visit: https://www.seleniumhq.org/exceptions/no_such_element.html
Build info: version: &amp;apos;3.141.59&amp;apos;, revision: &amp;apos;e82be7d358&amp;apos;, time: &amp;apos;2018-11-14T08:17:03&amp;apos;
System info: host: &amp;apos;IN-DEBASISHDEY&amp;apos;, ip: &amp;apos;192.168.29.149&amp;apos;, os.name: &amp;apos;Windows 10&amp;apos;, os.arch: &amp;apos;amd64&amp;apos;, os.version: &amp;apos;10.0&amp;apos;, java.version: &amp;apos;1.8.0_271&amp;apos;
Driver info: io.appium.java_client.android.AndroidDriver
Capabilities {app: C:\Users\debasishdey\Deskto..., appActivity: com.androidsample.generalst..., appPackage: com.androidsample.generalstore, automationName: uiautomator2, chromedriverExecutable: C:\Users\debasishdey\Deskto..., databaseEnabled: false, desired: {app: C:\Users\debasishdey\Deskto..., appActivity: com.androidsample.generalst..., appPackage: com.androidsample.generalstore, automationName: uiautomator2, chromedriverExecutable: C:\Users\debasishdey\Deskto..., deviceName: emulator-5554, platformName: android, platformVersion: 13.0, resetKeyboard: true, unicodeKeyboard: true}, deviceApiLevel: 33, deviceManufacturer: Google, deviceModel: sdk_gphone64_x86_64, deviceName: emulator-5554, deviceScreenDensity: 420, deviceScreenSize: 1080x2400, deviceUDID: emulator-5554, javascriptEnabled: true, locationContextEnabled: false, networkConnectionEnabled: true, pixelRatio: 2.625, platform: LINUX, platformName: Android, platformVersion: 13, resetKeyboard: true, statBarHeight: 63, takesScreenshot: true, unicodeKeyboard: true, viewportRect: {height: 2274, left: 0, top: 63, width: 1080}, warnings: {}, webStorageEnabled: false}
Session ID: c6df8ae3-90f6-4635-8883-0c5f42d4488f
*** Element info: {Using=id, value=com.google.android.dialer:id/dialpad_fab}">
      <![CDATA[org.openqa.selenium.NoSuchElementException: An element could not be located on the page using the given search parameters.
For documentation on this error, please visit: https://www.seleniumhq.org/exceptions/no_such_element.html
Build info: version: '3.141.59', revision: 'e82be7d358', time: '2018-11-14T08:17:03'
System info: host: 'IN-DEBASISHDEY', ip: '192.168.29.149', os.name: 'Windows 10', os.arch: 'amd64', os.version: '10.0', java.version: '1.8.0_271'
Driver info: io.appium.java_client.android.AndroidDriver
Capabilities {app: C:\Users\debasishdey\Deskto..., appActivity: com.androidsample.generalst..., appPackage: com.androidsample.generalstore, automationName: uiautomator2, chromedriverExecutable: C:\Users\debasishdey\Deskto..., databaseEnabled: false, desired: {app: C:\Users\debasishdey\Deskto..., appActivity: com.androidsample.generalst..., appPackage: com.androidsample.generalstore, automationName: uiautomator2, chromedriverExecutable: C:\Users\debasishdey\Deskto..., deviceName: emulator-5554, platformName: android, platformVersion: 13.0, resetKeyboard: true, unicodeKeyboard: true}, deviceApiLevel: 33, deviceManufacturer: Google, deviceModel: sdk_gphone64_x86_64, deviceName: emulator-5554, deviceScreenDensity: 420, deviceScreenSize: 1080x2400, deviceUDID: emulator-5554, javascriptEnabled: true, locationContextEnabled: false, networkConnectionEnabled: true, pixelRatio: 2.625, platform: LINUX, platformName: Android, platformVersion: 13, resetKeyboard: true, statBarHeight: 63, takesScreenshot: true, unicodeKeyboard: true, viewportRect: {height: 2274, left: 0, top: 63, width: 1080}, warnings: {}, webStorageEnabled: false}
Session ID: c6df8ae3-90f6-4635-8883-0c5f42d4488f
*** Element info: {Using=id, value=com.google.android.dialer:id/dialpad_fab}
at org.openqa.selenium.remote.http.W3CHttpResponseCodec.createException(W3CHttpResponseCodec.java:187)
at org.openqa.selenium.remote.http.W3CHttpResponseCodec.decode(W3CHttpResponseCodec.java:122)
at org.openqa.selenium.remote.http.W3CHttpResponseCodec.decode(W3CHttpResponseCodec.java:49)
at org.openqa.selenium.remote.HttpCommandExecutor.execute(HttpCommandExecutor.java:158)
at io.appium.java_client.remote.AppiumCommandExecutor.execute(AppiumCommandExecutor.java:247)
at org.openqa.selenium.remote.RemoteWebDriver.execute(RemoteWebDriver.java:552)
at io.appium.java_client.DefaultGenericMobileDriver.execute(DefaultGenericMobileDriver.java:41)
at io.appium.java_client.AppiumDriver.execute(AppiumDriver.java:1)
at io.appium.java_client.android.AndroidDriver.execute(AndroidDriver.java:1)
at org.openqa.selenium.remote.RemoteWebDriver.findElement(RemoteWebDriver.java:323)
at io.appium.java_client.DefaultGenericMobileDriver.findElement(DefaultGenericMobileDriver.java:61)
at io.appium.java_client.AppiumDriver.findElement(AppiumDriver.java:1)
at io.appium.java_client.android.AndroidDriver.findElement(AndroidDriver.java:1)
at org.openqa.selenium.remote.RemoteWebDriver.findElementById(RemoteWebDriver.java:372)
at io.appium.java_client.DefaultGenericMobileDriver.findElementById(DefaultGenericMobileDriver.java:69)
at io.appium.java_client.AppiumDriver.findElementById(AppiumDriver.java:1)
at io.appium.java_client.android.AndroidDriver.findElementById(AndroidDriver.java:1)
at org.openqa.selenium.By$ById.findElement(By.java:188)
at org.openqa.selenium.remote.RemoteWebDriver.findElement(RemoteWebDriver.java:315)
at io.appium.java_client.DefaultGenericMobileDriver.findElement(DefaultGenericMobileDriver.java:57)
at io.appium.java_client.AppiumDriver.findElement(AppiumDriver.java:1)
at io.appium.java_client.android.AndroidDriver.findElement(AndroidDriver.java:1)
at actions.DialPadActions.clickDialer(DialPadActions.java:16)
at stepDefinitions.DialPhoneNumberSteps.i_click_on_dialer(DialPhoneNumberSteps.java:20)
at ✽.I click on dialer(file:///C:/Users/debasishdey/Desktop/workspace/SAP_Automation_Workspace/Mobile_UI_Automation_Suite_New/src/test/resources/featureFiles/DialPhoneNumber.feature:7)
... Removed 4 stack frames]]>
    </failure>
  </testcase> <!-- runScenario -->
</testsuite> <!-- Test -->
