<?xml version="1.0" encoding="UTF-8"?>
<testng-results skipped="0" failed="0" ignored="0" total="1" passed="1">
  <reporter-output>
  </reporter-output>
  <suite name="Suite" duration-ms="32921" started-at="2023-11-27T11:59:28 IST" finished-at="2023-11-27T12:00:01 IST">
    <groups>
      <group name="cucumber">
        <method signature="AbstractTestNGCucumberTests.runScenario(io.cucumber.testng.PickleWrapper, io.cucumber.testng.FeatureWrapper)[pri:0, instance:testRunners.EcommTestRunner@ed9d034]" name="runScenario" class="io.cucumber.testng.AbstractTestNGCucumberTests"/>
      </group> <!-- cucumber -->
    </groups>
    <test name="Test" duration-ms="32921" started-at="2023-11-27T11:59:28 IST" finished-at="2023-11-27T12:00:01 IST">
      <class name="testRunners.EcommTestRunner">
        <test-method status="PASS" signature="setUpClass()[pri:0, instance:testRunners.EcommTestRunner@ed9d034]" name="setUpClass" is-config="true" duration-ms="434" started-at="2023-11-27T11:59:28 IST" finished-at="2023-11-27T11:59:28 IST">
          <reporter-output>
          </reporter-output>
        </test-method> <!-- setUpClass -->
        <test-method status="PASS" signature="startAppium()[pri:0, instance:testRunners.EcommTestRunner@ed9d034]" name="startAppium" is-config="true" duration-ms="13394" started-at="2023-11-27T11:59:28 IST" finished-at="2023-11-27T11:59:42 IST">
          <reporter-output>
          </reporter-output>
        </test-method> <!-- startAppium -->
        <test-method status="PASS" signature="runScenario(io.cucumber.testng.PickleWrapper, io.cucumber.testng.FeatureWrapper)[pri:0, instance:testRunners.EcommTestRunner@ed9d034]" name="runScenario" duration-ms="13737" started-at="2023-11-27T11:59:42 IST" description="Runs Cucumber Scenarios" data-provider="scenarios" finished-at="2023-11-27T11:59:56 IST">
          <params>
            <param index="0">
              <value>
                <![CDATA["Form Filling"]]>
              </value>
            </param>
            <param index="1">
              <value>
                <![CDATA["Optional[Ecommerece App Testing]"]]>
              </value>
            </param>
          </params>
          <reporter-output>
          </reporter-output>
        </test-method> <!-- runScenario -->
        <test-method status="PASS" signature="ssonfail(org.testng.ITestResult)[pri:0, instance:testRunners.EcommTestRunner@ed9d034]" name="ssonfail" is-config="true" duration-ms="1" started-at="2023-11-27T11:59:56 IST" finished-at="2023-11-27T11:59:56 IST">
          <params>
            <param index="0">
              <value>
                <![CDATA[[TestResult name=runScenario status=SUCCESS method=AbstractTestNGCucumberTests.runScenario(io.cucumber.testng.PickleWrapper, io.cucumber.testng.FeatureWrapper)[pri:0, instance:testRunners.EcommTestRunner@ed9d034] output={null}]]]>
              </value>
            </param>
          </params>
          <reporter-output>
          </reporter-output>
        </test-method> <!-- ssonfail -->
        <test-method status="PASS" signature="tearDownClass()[pri:0, instance:testRunners.EcommTestRunner@ed9d034]" name="tearDownClass" is-config="true" duration-ms="3852" started-at="2023-11-27T11:59:56 IST" finished-at="2023-11-27T11:59:59 IST">
          <reporter-output>
          </reporter-output>
        </test-method> <!-- tearDownClass -->
        <test-method status="PASS" signature="closeApp()[pri:0, instance:testRunners.EcommTestRunner@ed9d034]" name="closeApp" is-config="true" duration-ms="1467" started-at="2023-11-27T11:59:59 IST" finished-at="2023-11-27T12:00:01 IST">
          <reporter-output>
          </reporter-output>
        </test-method> <!-- closeApp -->
        <test-method status="PASS" signature="tearDown()[pri:0, instance:testRunners.EcommTestRunner@ed9d034]" name="tearDown" is-config="true" duration-ms="666" started-at="2023-11-27T12:00:01 IST" finished-at="2023-11-27T12:00:02 IST">
          <reporter-output>
          </reporter-output>
        </test-method> <!-- tearDown -->
      </class> <!-- testRunners.EcommTestRunner -->
    </test> <!-- Test -->
  </suite> <!-- Suite -->
</testng-results>
