<?xml version="1.0" encoding="UTF-8"?>
<testng-results skipped="0" failed="0" ignored="0" total="1" passed="1">
  <reporter-output>
  </reporter-output>
  <suite name="Default suite" duration-ms="32809" started-at="2023-12-04T23:05:29 IST" finished-at="2023-12-04T23:06:02 IST">
    <groups>
      <group name="cucumber">
        <method signature="AbstractTestNGCucumberTests.runScenario(io.cucumber.testng.PickleWrapper, io.cucumber.testng.FeatureWrapper)[pri:0, instance:testRunners.TestRunner@319b92f3]" name="runScenario" class="io.cucumber.testng.AbstractTestNGCucumberTests"/>
      </group> <!-- cucumber -->
    </groups>
    <test name="Default test" duration-ms="32809" started-at="2023-12-04T23:05:29 IST" finished-at="2023-12-04T23:06:02 IST">
      <class name="testRunners.TestRunner">
        <test-method status="PASS" signature="setUpClass()[pri:0, instance:testRunners.TestRunner@319b92f3]" name="setUpClass" is-config="true" duration-ms="629" started-at="2023-12-04T23:05:29 IST" finished-at="2023-12-04T23:05:29 IST">
          <reporter-output>
          </reporter-output>
        </test-method> <!-- setUpClass -->
        <test-method status="PASS" signature="startAppium()[pri:0, instance:testRunners.TestRunner@319b92f3]" name="startAppium" is-config="true" duration-ms="18081" started-at="2023-12-04T23:05:29 IST" finished-at="2023-12-04T23:05:48 IST">
          <reporter-output>
          </reporter-output>
        </test-method> <!-- startAppium -->
        <test-method status="PASS" signature="runScenario(io.cucumber.testng.PickleWrapper, io.cucumber.testng.FeatureWrapper)[pri:0, instance:testRunners.TestRunner@319b92f3]" name="runScenario" duration-ms="11203" started-at="2023-12-04T23:05:48 IST" description="Runs Cucumber Scenarios" data-provider="scenarios" finished-at="2023-12-04T23:05:59 IST">
          <params>
            <param index="0">
              <value>
                <![CDATA["Form Filling"]]>
              </value>
            </param>
            <param index="1">
              <value>
                <![CDATA["Optional[Ecommerece App Testing]"]]>
              </value>
            </param>
          </params>
          <reporter-output>
          </reporter-output>
        </test-method> <!-- runScenario -->
        <test-method status="PASS" signature="ssonfail(org.testng.ITestResult)[pri:0, instance:testRunners.TestRunner@319b92f3]" name="ssonfail" is-config="true" duration-ms="0" started-at="2023-12-04T23:05:59 IST" finished-at="2023-12-04T23:05:59 IST">
          <params>
            <param index="0">
              <value>
                <![CDATA[[TestResult name=runScenario status=SUCCESS method=AbstractTestNGCucumberTests.runScenario(io.cucumber.testng.PickleWrapper, io.cucumber.testng.FeatureWrapper)[pri:0, instance:testRunners.TestRunner@319b92f3] output={null}]]]>
              </value>
            </param>
          </params>
          <reporter-output>
          </reporter-output>
        </test-method> <!-- ssonfail -->
        <test-method status="PASS" signature="tearDownClass()[pri:0, instance:testRunners.TestRunner@319b92f3]" name="tearDownClass" is-config="true" duration-ms="2863" started-at="2023-12-04T23:05:59 IST" finished-at="2023-12-04T23:06:02 IST">
          <reporter-output>
          </reporter-output>
        </test-method> <!-- tearDownClass -->
        <test-method status="PASS" signature="closeApp()[pri:0, instance:testRunners.TestRunner@319b92f3]" name="closeApp" is-config="true" duration-ms="1" started-at="2023-12-04T23:06:02 IST" finished-at="2023-12-04T23:06:02 IST">
          <reporter-output>
          </reporter-output>
        </test-method> <!-- closeApp -->
        <test-method status="PASS" signature="tearDown()[pri:0, instance:testRunners.TestRunner@319b92f3]" name="tearDown" is-config="true" duration-ms="15723" started-at="2023-12-04T23:06:02 IST" finished-at="2023-12-04T23:06:17 IST">
          <reporter-output>
          </reporter-output>
        </test-method> <!-- tearDown -->
      </class> <!-- testRunners.TestRunner -->
    </test> <!-- Default test -->
  </suite> <!-- Default suite -->
</testng-results>
